mode: set
github.com/Junx27/junxzy/internal/ui/runner.go:5.41,7.15 2 1
github.com/Junx27/junxzy/internal/ui/runner.go:7.15,8.31 1 1
github.com/Junx27/junxzy/internal/ui/runner.go:8.31,11.4 2 1
github.com/Junx27/junxzy/internal/ui/runner.go:13.2,14.35 2 1
github.com/Junx27/junxzy/internal/ui/ui.go:18.30,20.2 1 1
github.com/Junx27/junxzy/internal/ui/ui.go:23.28,27.2 3 1
github.com/Junx27/junxzy/internal/ui/ui.go:30.34,31.14 1 1
github.com/Junx27/junxzy/internal/ui/ui.go:31.14,33.3 1 1
github.com/Junx27/junxzy/internal/ui/ui.go:34.2,34.38 1 1
github.com/Junx27/junxzy/internal/ui/ui.go:38.32,39.14 1 1
github.com/Junx27/junxzy/internal/ui/ui.go:39.14,41.3 1 1
github.com/Junx27/junxzy/internal/ui/ui.go:42.2,42.36 1 1
github.com/Junx27/junxzy/internal/file/dir.go:8.51,9.25 1 1
github.com/Junx27/junxzy/internal/file/dir.go:9.25,11.56 2 1
github.com/Junx27/junxzy/internal/file/dir.go:11.56,13.4 1 1
github.com/Junx27/junxzy/internal/file/dir.go:15.2,15.12 1 1
github.com/Junx27/junxzy/internal/generator/go_cmd.go:7.27,12.2 4 1
github.com/Junx27/junxzy/internal/generator/go_init.go:9.54,11.53 1 1
github.com/Junx27/junxzy/internal/generator/go_init.go:11.53,19.17 4 1
github.com/Junx27/junxzy/internal/generator/go_init.go:19.17,21.4 1 1
github.com/Junx27/junxzy/internal/generator/go_init.go:23.3,23.25 1 1
github.com/Junx27/junxzy/internal/generator/go_init.go:27.2,27.29 1 1
github.com/Junx27/junxzy/internal/generator/go_mod.go:8.29,12.26 3 1
github.com/Junx27/junxzy/internal/generator/go_mod.go:12.26,13.38 1 1
github.com/Junx27/junxzy/internal/generator/go_mod.go:13.38,15.4 1 1
github.com/Junx27/junxzy/internal/generator/go_mod.go:17.2,17.11 1 1
github.com/Junx27/junxzy/internal/generator/main.go:9.25,13.22 3 1
github.com/Junx27/junxzy/internal/generator/main.go:13.22,15.3 1 1
github.com/Junx27/junxzy/internal/generator/main.go:18.2,18.53 1 1
github.com/Junx27/junxzy/internal/generator/main.go:18.53,35.3 2 1
github.com/Junx27/junxzy/internal/generator/main.go:38.2,39.16 2 1
github.com/Junx27/junxzy/internal/generator/main.go:39.16,41.3 1 1
github.com/Junx27/junxzy/internal/generator/main.go:43.2,48.44 3 1
github.com/Junx27/junxzy/internal/generator/main.go:48.44,55.3 1 1
github.com/Junx27/junxzy/internal/generator/main.go:58.2,58.57 1 1
github.com/Junx27/junxzy/internal/generator/main.go:58.57,65.3 1 1
github.com/Junx27/junxzy/internal/generator/main.go:67.2,67.61 1 1
github.com/Junx27/junxzy/internal/generator/module.go:9.68,170.80 8 1
github.com/Junx27/junxzy/internal/generator/module.go:170.80,172.3 1 1
github.com/Junx27/junxzy/internal/generator/module.go:173.2,173.95 1 1
github.com/Junx27/junxzy/internal/generator/module.go:173.95,175.3 1 1
github.com/Junx27/junxzy/internal/generator/module.go:176.2,176.92 1 1
github.com/Junx27/junxzy/internal/generator/module.go:176.92,178.3 1 1
github.com/Junx27/junxzy/internal/generator/module.go:179.2,179.92 1 1
github.com/Junx27/junxzy/internal/generator/module.go:179.92,181.3 1 1
github.com/Junx27/junxzy/internal/generator/module.go:182.2,182.86 1 1
github.com/Junx27/junxzy/internal/generator/module.go:182.86,184.3 1 1
github.com/Junx27/junxzy/internal/generator/module.go:186.2,186.12 1 1
github.com/Junx27/junxzy/internal/generator/module.go:189.40,190.69 1 1
github.com/Junx27/junxzy/internal/generator/module.go:190.69,192.3 1 1
github.com/Junx27/junxzy/internal/generator/module.go:193.2,193.73 1 1
github.com/Junx27/junxzy/internal/generator/module.go:193.73,195.3 1 1
github.com/Junx27/junxzy/internal/generator/module.go:196.2,196.12 1 1
github.com/Junx27/junxzy/internal/generator/module.go:199.34,201.2 1 1
github.com/Junx27/junxzy/internal/generator/router.go:9.43,13.53 2 1
github.com/Junx27/junxzy/internal/generator/router.go:13.53,24.60 2 1
github.com/Junx27/junxzy/internal/generator/router.go:24.60,26.4 1 1
github.com/Junx27/junxzy/internal/generator/router.go:27.3,27.79 1 1
github.com/Junx27/junxzy/internal/generator/router.go:27.79,29.4 1 1
github.com/Junx27/junxzy/internal/generator/router.go:32.2,33.16 2 1
github.com/Junx27/junxzy/internal/generator/router.go:33.16,35.3 1 1
github.com/Junx27/junxzy/internal/generator/router.go:37.2,41.22 4 1
github.com/Junx27/junxzy/internal/generator/router.go:41.22,43.3 1 1
github.com/Junx27/junxzy/internal/generator/router.go:45.2,49.44 3 1
github.com/Junx27/junxzy/internal/generator/router.go:49.44,56.3 1 1
github.com/Junx27/junxzy/internal/generator/router.go:59.2,59.46 1 1
github.com/Junx27/junxzy/internal/generator/router.go:59.46,66.3 1 1
github.com/Junx27/junxzy/internal/generator/router.go:68.2,68.77 1 1
github.com/Junx27/junxzy/internal/generator/router.go:68.77,70.3 1 1
github.com/Junx27/junxzy/internal/generator/router.go:72.2,72.12 1 1
github.com/Junx27/junxzy/main.go:7.13,9.2 1 1
github.com/Junx27/junxzy/cmd/commands/clear.go:7.37,9.2 1 1
github.com/Junx27/junxzy/cmd/commands/clear.go:11.46,13.2 1 1
github.com/Junx27/junxzy/cmd/commands/exit.go:10.36,12.2 1 1
github.com/Junx27/junxzy/cmd/commands/exit.go:14.45,17.2 2 1
github.com/Junx27/junxzy/cmd/commands/hello.go:7.37,9.2 1 1
github.com/Junx27/junxzy/cmd/commands/hello.go:11.46,12.19 1 1
github.com/Junx27/junxzy/cmd/commands/hello.go:12.19,15.3 2 1
github.com/Junx27/junxzy/cmd/commands/hello.go:17.2,17.37 1 1
github.com/Junx27/junxzy/cmd/commands/help.go:7.36,9.2 1 1
github.com/Junx27/junxzy/cmd/commands/help.go:11.45,18.2 6 1
github.com/Junx27/junxzy/cmd/commands/init.go:13.51,15.2 1 1
github.com/Junx27/junxzy/cmd/commands/init.go:21.36,23.2 1 1
github.com/Junx27/junxzy/cmd/commands/init.go:25.45,26.19 1 1
github.com/Junx27/junxzy/cmd/commands/init.go:26.19,29.3 2 1
github.com/Junx27/junxzy/cmd/commands/init.go:31.2,33.57 2 1
github.com/Junx27/junxzy/cmd/commands/init.go:33.57,36.3 2 1
github.com/Junx27/junxzy/cmd/commands/init.go:38.2,39.53 2 1
github.com/Junx27/junxzy/cmd/commands/init.go:39.53,42.3 2 1
github.com/Junx27/junxzy/cmd/commands/init.go:43.2,50.31 5 1
github.com/Junx27/junxzy/cmd/commands/init.go:50.31,51.56 1 1
github.com/Junx27/junxzy/cmd/commands/init.go:51.56,54.4 2 1
github.com/Junx27/junxzy/cmd/commands/init.go:56.2,59.50 3 1
github.com/Junx27/junxzy/cmd/commands/init.go:59.50,62.3 2 1
github.com/Junx27/junxzy/cmd/commands/init.go:63.2,66.56 3 1
github.com/Junx27/junxzy/cmd/commands/init.go:66.56,69.3 2 1
github.com/Junx27/junxzy/cmd/commands/init.go:70.2,73.62 3 1
github.com/Junx27/junxzy/cmd/commands/init.go:73.62,76.3 2 1
github.com/Junx27/junxzy/cmd/commands/init.go:77.2,80.69 3 1
github.com/Junx27/junxzy/cmd/commands/init.go:85.35,87.2 1 1
github.com/Junx27/junxzy/cmd/commands/init.go:89.45,98.25 3 1
github.com/Junx27/junxzy/cmd/commands/init.go:98.25,99.81 1 1
github.com/Junx27/junxzy/cmd/commands/init.go:99.81,101.4 1 1
github.com/Junx27/junxzy/cmd/commands/init.go:105.2,114.91 2 1
github.com/Junx27/junxzy/cmd/commands/init.go:117.45,138.2 2 1
github.com/Junx27/junxzy/cmd/commands/init.go:140.44,147.2 2 1
github.com/Junx27/junxzy/cmd/commands/make_module.go:24.42,26.2 1 1
github.com/Junx27/junxzy/cmd/commands/make_module.go:28.51,29.19 1 1
github.com/Junx27/junxzy/cmd/commands/make_module.go:29.19,32.3 2 1
github.com/Junx27/junxzy/cmd/commands/make_module.go:34.2,37.50 3 1
github.com/Junx27/junxzy/cmd/commands/make_module.go:37.50,40.3 2 1
github.com/Junx27/junxzy/cmd/commands/make_module.go:42.2,43.16 2 1
github.com/Junx27/junxzy/cmd/commands/make_module.go:43.16,46.3 2 1
github.com/Junx27/junxzy/cmd/commands/make_module.go:48.2,50.55 2 1
github.com/Junx27/junxzy/cmd/commands/make_module.go:50.55,52.50 2 1
github.com/Junx27/junxzy/cmd/commands/make_module.go:52.50,53.14 1 1
github.com/Junx27/junxzy/cmd/commands/make_module.go:57.2,57.50 1 1
github.com/Junx27/junxzy/cmd/commands/make_module.go:57.50,60.17 3 1
github.com/Junx27/junxzy/cmd/commands/make_module.go:60.17,61.14 1 1
github.com/Junx27/junxzy/cmd/commands/make_module.go:65.2,65.47 1 1
github.com/Junx27/junxzy/cmd/commands/make_module.go:65.47,68.17 3 1
github.com/Junx27/junxzy/cmd/commands/make_module.go:68.17,69.14 1 1
github.com/Junx27/junxzy/cmd/commands/make_module.go:73.2,73.41 1 1
github.com/Junx27/junxzy/cmd/commands/make_module.go:73.41,76.17 3 1
github.com/Junx27/junxzy/cmd/commands/make_module.go:76.17,77.14 1 1
github.com/Junx27/junxzy/cmd/commands/make_module.go:81.2,81.43 1 1
github.com/Junx27/junxzy/cmd/commands/make_module.go:81.43,84.17 3 1
github.com/Junx27/junxzy/cmd/commands/make_module.go:84.17,85.14 1 1
github.com/Junx27/junxzy/cmd/commands/make_module.go:89.2,89.52 1 1
github.com/Junx27/junxzy/cmd/commands/simulate.go:13.40,15.2 1 1
github.com/Junx27/junxzy/cmd/commands/simulate.go:17.49,19.47 1 1
github.com/Junx27/junxzy/cmd/commands/simulate.go:19.47,21.3 1 1
github.com/Junx27/junxzy/cmd/commands/simulate.go:23.2,23.41 1 1
github.com/Junx27/junxzy/cmd/commands/simulate.go:23.41,25.3 1 1
github.com/Junx27/junxzy/cmd/commands/simulate.go:27.2,27.37 1 1
github.com/Junx27/junxzy/cmd/commands/simulate.go:27.37,29.3 1 1
github.com/Junx27/junxzy/cmd/commands/simulate.go:31.2,31.47 1 1
github.com/Junx27/junxzy/cmd/commands/simulate.go:31.47,33.3 1 1
github.com/Junx27/junxzy/cmd/commands/simulate.go:35.2,35.42 1 1
github.com/Junx27/junxzy/cmd/commands/simulate.go:35.42,37.3 1 1
github.com/Junx27/junxzy/cmd/commands/simulate.go:39.2,39.41 1 1
github.com/Junx27/junxzy/internal/cli/registry.go:10.35,12.2 1 1
github.com/Junx27/junxzy/internal/cli/repl.go:13.18,21.6 5 1
github.com/Junx27/junxzy/internal/cli/repl.go:21.6,24.22 2 1
github.com/Junx27/junxzy/internal/cli/repl.go:24.22,25.9 1 1
github.com/Junx27/junxzy/internal/cli/repl.go:28.3,29.18 2 1
github.com/Junx27/junxzy/internal/cli/repl.go:29.18,30.12 1 1
github.com/Junx27/junxzy/internal/cli/repl.go:33.3,38.14 5 1
github.com/Junx27/junxzy/internal/cli/repl.go:38.14,40.12 2 1
github.com/Junx27/junxzy/internal/cli/repl.go:43.3,43.20 1 1
github.com/Junx27/junxzy/internal/cli/repl.go:47.25,55.2 7 1
github.com/Junx27/junxzy/internal/cli/root.go:11.35,13.2 1 1
github.com/Junx27/junxzy/internal/cli/root.go:20.47,23.3 2 1
github.com/Junx27/junxzy/internal/cli/root.go:26.20,54.2 25 1
github.com/Junx27/junxzy/internal/cli/root.go:56.16,58.16 2 1
github.com/Junx27/junxzy/internal/cli/root.go:58.16,61.3 2 1
github.com/Junx27/junxzy/internal/cli/root.go:64.13,66.2 1 1
