mode: set
github.com/Junx27/junxzy/main.go:7.13,9.2 1 1
github.com/Junx27/junxzy/cmd/commands/clear.go:7.37,9.2 1 1
github.com/Junx27/junxzy/cmd/commands/clear.go:11.46,13.2 1 1
github.com/Junx27/junxzy/cmd/commands/exit.go:10.36,12.2 1 1
github.com/Junx27/junxzy/cmd/commands/exit.go:14.45,17.2 2 1
github.com/Junx27/junxzy/cmd/commands/help.go:7.36,9.2 1 1
github.com/Junx27/junxzy/cmd/commands/help.go:11.45,17.2 5 1
github.com/Junx27/junxzy/cmd/commands/init.go:13.36,15.2 1 0
github.com/Junx27/junxzy/cmd/commands/init.go:17.45,18.19 1 0
github.com/Junx27/junxzy/cmd/commands/init.go:18.19,21.3 2 0
github.com/Junx27/junxzy/cmd/commands/init.go:23.2,25.57 2 0
github.com/Junx27/junxzy/cmd/commands/init.go:25.57,28.3 2 0
github.com/Junx27/junxzy/cmd/commands/init.go:30.2,39.31 7 0
github.com/Junx27/junxzy/cmd/commands/init.go:39.31,41.3 1 0
github.com/Junx27/junxzy/cmd/commands/init.go:42.2,57.69 12 0
github.com/Junx27/junxzy/cmd/commands/init.go:62.29,64.2 1 1
github.com/Junx27/junxzy/cmd/commands/init.go:66.39,75.25 3 1
github.com/Junx27/junxzy/cmd/commands/init.go:75.25,77.3 1 1
github.com/Junx27/junxzy/cmd/commands/init.go:80.2,89.84 2 1
github.com/Junx27/junxzy/cmd/commands/init.go:92.39,113.2 2 1
github.com/Junx27/junxzy/cmd/commands/init.go:115.38,122.2 2 1
github.com/Junx27/junxzy/cmd/commands/make_module.go:16.42,18.2 1 1
github.com/Junx27/junxzy/cmd/commands/make_module.go:20.51,21.19 1 1
github.com/Junx27/junxzy/cmd/commands/make_module.go:21.19,24.3 2 1
github.com/Junx27/junxzy/cmd/commands/make_module.go:26.2,29.50 3 1
github.com/Junx27/junxzy/cmd/commands/make_module.go:29.50,32.3 2 1
github.com/Junx27/junxzy/cmd/commands/make_module.go:34.2,35.16 2 0
github.com/Junx27/junxzy/cmd/commands/make_module.go:35.16,38.3 2 0
github.com/Junx27/junxzy/cmd/commands/make_module.go:40.2,42.55 2 0
github.com/Junx27/junxzy/cmd/commands/make_module.go:42.55,45.3 2 0
github.com/Junx27/junxzy/cmd/commands/make_module.go:47.2,47.50 1 0
github.com/Junx27/junxzy/cmd/commands/make_module.go:47.50,50.17 3 0
github.com/Junx27/junxzy/cmd/commands/make_module.go:50.17,51.14 1 0
github.com/Junx27/junxzy/cmd/commands/make_module.go:55.2,55.47 1 0
github.com/Junx27/junxzy/cmd/commands/make_module.go:55.47,58.17 3 0
github.com/Junx27/junxzy/cmd/commands/make_module.go:58.17,59.14 1 0
github.com/Junx27/junxzy/cmd/commands/make_module.go:63.2,63.41 1 0
github.com/Junx27/junxzy/cmd/commands/make_module.go:63.41,66.17 3 0
github.com/Junx27/junxzy/cmd/commands/make_module.go:66.17,67.14 1 0
github.com/Junx27/junxzy/cmd/commands/make_module.go:71.2,71.43 1 0
github.com/Junx27/junxzy/cmd/commands/make_module.go:71.43,74.17 3 0
github.com/Junx27/junxzy/cmd/commands/make_module.go:74.17,75.14 1 0
github.com/Junx27/junxzy/cmd/commands/make_module.go:79.2,79.52 1 0
github.com/Junx27/junxzy/cmd/commands/simulate.go:13.40,15.2 1 1
github.com/Junx27/junxzy/cmd/commands/simulate.go:17.49,19.47 1 1
github.com/Junx27/junxzy/cmd/commands/simulate.go:19.47,21.3 1 1
github.com/Junx27/junxzy/cmd/commands/simulate.go:23.2,23.41 1 1
github.com/Junx27/junxzy/cmd/commands/simulate.go:23.41,25.3 1 1
github.com/Junx27/junxzy/cmd/commands/simulate.go:27.2,27.37 1 1
github.com/Junx27/junxzy/cmd/commands/simulate.go:27.37,29.3 1 1
github.com/Junx27/junxzy/cmd/commands/simulate.go:31.2,31.47 1 1
github.com/Junx27/junxzy/cmd/commands/simulate.go:31.47,33.3 1 1
github.com/Junx27/junxzy/cmd/commands/simulate.go:35.2,35.42 1 1
github.com/Junx27/junxzy/cmd/commands/simulate.go:35.42,37.3 1 1
github.com/Junx27/junxzy/cmd/commands/simulate.go:39.2,39.41 1 1
github.com/Junx27/junxzy/internal/generator/go_cmd.go:7.27,12.2 4 1
github.com/Junx27/junxzy/internal/generator/go_init.go:9.54,11.53 1 1
github.com/Junx27/junxzy/internal/generator/go_init.go:11.53,19.17 4 1
github.com/Junx27/junxzy/internal/generator/go_init.go:19.17,21.4 1 0
github.com/Junx27/junxzy/internal/generator/go_init.go:23.3,23.25 1 1
github.com/Junx27/junxzy/internal/generator/go_init.go:27.2,27.29 1 1
github.com/Junx27/junxzy/internal/generator/go_mod.go:8.29,12.26 3 1
github.com/Junx27/junxzy/internal/generator/go_mod.go:12.26,13.38 1 1
github.com/Junx27/junxzy/internal/generator/go_mod.go:13.38,15.4 1 1
github.com/Junx27/junxzy/internal/generator/go_mod.go:17.2,17.11 1 0
github.com/Junx27/junxzy/internal/generator/main.go:9.25,13.22 3 1
github.com/Junx27/junxzy/internal/generator/main.go:13.22,15.3 1 0
github.com/Junx27/junxzy/internal/generator/main.go:18.2,18.53 1 1
github.com/Junx27/junxzy/internal/generator/main.go:18.53,35.3 2 1
github.com/Junx27/junxzy/internal/generator/main.go:38.2,39.16 2 0
github.com/Junx27/junxzy/internal/generator/main.go:39.16,41.3 1 0
github.com/Junx27/junxzy/internal/generator/main.go:43.2,48.44 3 0
github.com/Junx27/junxzy/internal/generator/main.go:48.44,55.3 1 0
github.com/Junx27/junxzy/internal/generator/main.go:58.2,58.57 1 0
github.com/Junx27/junxzy/internal/generator/main.go:58.57,65.3 1 0
github.com/Junx27/junxzy/internal/generator/main.go:67.2,67.61 1 0
github.com/Junx27/junxzy/internal/generator/module.go:9.68,177.2 13 1
github.com/Junx27/junxzy/internal/generator/module.go:179.34,182.2 2 1
github.com/Junx27/junxzy/internal/generator/module.go:184.34,186.2 1 1
github.com/Junx27/junxzy/internal/generator/router.go:9.43,13.53 2 1
github.com/Junx27/junxzy/internal/generator/router.go:13.53,26.3 3 0
github.com/Junx27/junxzy/internal/generator/router.go:28.2,29.16 2 1
github.com/Junx27/junxzy/internal/generator/router.go:29.16,31.3 1 0
github.com/Junx27/junxzy/internal/generator/router.go:33.2,37.22 4 1
github.com/Junx27/junxzy/internal/generator/router.go:37.22,39.3 1 0
github.com/Junx27/junxzy/internal/generator/router.go:41.2,45.44 3 1
github.com/Junx27/junxzy/internal/generator/router.go:45.44,52.3 1 1
github.com/Junx27/junxzy/internal/generator/router.go:55.2,55.46 1 1
github.com/Junx27/junxzy/internal/generator/router.go:55.46,62.3 1 1
github.com/Junx27/junxzy/internal/generator/router.go:64.2,64.61 1 1
github.com/Junx27/junxzy/internal/cli/registry.go:10.35,12.2 1 1
github.com/Junx27/junxzy/internal/cli/repl.go:13.18,21.6 5 1
github.com/Junx27/junxzy/internal/cli/repl.go:21.6,24.22 2 1
github.com/Junx27/junxzy/internal/cli/repl.go:24.22,25.9 1 1
github.com/Junx27/junxzy/internal/cli/repl.go:28.3,29.18 2 1
github.com/Junx27/junxzy/internal/cli/repl.go:29.18,30.12 1 0
github.com/Junx27/junxzy/internal/cli/repl.go:33.3,38.14 5 1
github.com/Junx27/junxzy/internal/cli/repl.go:38.14,40.12 2 1
github.com/Junx27/junxzy/internal/cli/repl.go:43.3,43.20 1 1
github.com/Junx27/junxzy/internal/cli/repl.go:47.25,54.2 6 1
github.com/Junx27/junxzy/internal/cli/root.go:14.47,17.3 2 0
github.com/Junx27/junxzy/internal/cli/root.go:20.20,48.2 25 1
github.com/Junx27/junxzy/internal/cli/root.go:50.16,52.16 2 0
github.com/Junx27/junxzy/internal/cli/root.go:52.16,55.3 2 0
github.com/Junx27/junxzy/internal/cli/root.go:58.13,60.2 1 1
github.com/Junx27/junxzy/internal/ui/runner.go:5.41,7.15 2 1
github.com/Junx27/junxzy/internal/ui/runner.go:7.15,8.31 1 1
github.com/Junx27/junxzy/internal/ui/runner.go:8.31,11.4 2 1
github.com/Junx27/junxzy/internal/ui/runner.go:13.2,14.35 2 1
github.com/Junx27/junxzy/internal/ui/ui.go:18.30,20.2 1 1
github.com/Junx27/junxzy/internal/ui/ui.go:23.28,27.2 3 1
github.com/Junx27/junxzy/internal/ui/ui.go:30.34,31.14 1 1
github.com/Junx27/junxzy/internal/ui/ui.go:31.14,33.3 1 1
github.com/Junx27/junxzy/internal/ui/ui.go:34.2,34.38 1 1
github.com/Junx27/junxzy/internal/ui/ui.go:38.32,39.14 1 1
github.com/Junx27/junxzy/internal/ui/ui.go:39.14,41.3 1 1
github.com/Junx27/junxzy/internal/ui/ui.go:42.2,42.36 1 1
github.com/Junx27/junxzy/internal/file/dir.go:8.51,9.25 1 1
github.com/Junx27/junxzy/internal/file/dir.go:9.25,11.56 2 1
github.com/Junx27/junxzy/internal/file/dir.go:11.56,13.4 1 0
github.com/Junx27/junxzy/internal/file/dir.go:15.2,15.12 1 1
